2023-07-04 15:32:32 WARN  PageNotFound:1161 - No mapping found for HTTP request with URI [/fop/swagger-ui.html] in DispatcherServlet with name 'dispatcher'
2023-07-04 15:33:39 WARN  PageNotFound:1161 - No mapping found for HTTP request with URI [/fop/] in DispatcherServlet with name 'dispatcher'
2023-07-04 15:33:42 WARN  PageNotFound:1161 - No mapping found for HTTP request with URI [/fop/] in DispatcherServlet with name 'dispatcher'
2023-07-04 15:33:48 WARN  PageNotFound:1161 - No mapping found for HTTP request with URI [/fop/swagger-ui.html] in DispatcherServlet with name 'dispatcher'
2023-07-04 16:36:20 WARN  FOUserAgent:97 - The following feature isn't implemented by Apache FOP, yet: table-layout="auto" (on fo:table) (No context info available)
2023-07-04 16:36:20 WARN  FOUserAgent:97 - The following feature isn't implemented by Apache FOP, yet: table-layout="auto" (on fo:table) (No context info available)
2023-07-04 16:36:20 WARN  FOUserAgent:97 - The following feature isn't implemented by Apache FOP, yet: table-layout="auto" (on fo:table) (No context info available)
2023-07-04 16:36:20 WARN  FOUserAgent:94 - Font "Symbol,normal,700" not found. Substituting with "Symbol,normal,400".
2023-07-04 16:36:20 WARN  FOUserAgent:94 - Font "ZapfDingbats,normal,700" not found. Substituting with "ZapfDingbats,normal,400".
2023-07-04 16:36:20 INFO  FOUserAgent:83 - Rendered page #1.
2023-07-05 09:55:58 WARN  FOUserAgent:97 - The following feature isn't implemented by Apache FOP, yet: table-layout="auto" (on fo:table) (No context info available)
2023-07-05 09:55:58 WARN  FOUserAgent:97 - The following feature isn't implemented by Apache FOP, yet: table-layout="auto" (on fo:table) (No context info available)
2023-07-05 09:55:58 WARN  FOUserAgent:97 - The following feature isn't implemented by Apache FOP, yet: table-layout="auto" (on fo:table) (No context info available)
2023-07-05 09:55:58 WARN  FOUserAgent:94 - Font "Symbol,normal,700" not found. Substituting with "Symbol,normal,400".
2023-07-05 09:55:58 WARN  FOUserAgent:94 - Font "ZapfDingbats,normal,700" not found. Substituting with "ZapfDingbats,normal,400".
2023-07-05 09:55:58 INFO  FOUserAgent:83 - Rendered page #1.
2023-07-05 09:56:48 WARN  FOUserAgent:97 - The following feature isn't implemented by Apache FOP, yet: table-layout="auto" (on fo:table) (No context info available)
2023-07-05 09:56:48 WARN  FOUserAgent:97 - The following feature isn't implemented by Apache FOP, yet: table-layout="auto" (on fo:table) (No context info available)
2023-07-05 09:56:48 WARN  FOUserAgent:97 - The following feature isn't implemented by Apache FOP, yet: table-layout="auto" (on fo:table) (No context info available)
2023-07-05 09:56:48 WARN  FOUserAgent:94 - Font "Symbol,normal,700" not found. Substituting with "Symbol,normal,400".
2023-07-05 09:56:48 WARN  FOUserAgent:94 - Font "ZapfDingbats,normal,700" not found. Substituting with "ZapfDingbats,normal,400".
2023-07-05 09:56:48 INFO  FOUserAgent:83 - Rendered page #1.
2023-07-05 11:07:55 WARN  FOUserAgent:97 - The following feature isn't implemented by Apache FOP, yet: table-layout="auto" (on fo:table) (No context info available)
2023-07-05 11:07:55 WARN  FOUserAgent:97 - The following feature isn't implemented by Apache FOP, yet: table-layout="auto" (on fo:table) (No context info available)
2023-07-05 11:07:55 WARN  FOUserAgent:97 - The following feature isn't implemented by Apache FOP, yet: table-layout="auto" (on fo:table) (No context info available)
2023-07-05 11:07:55 WARN  FOUserAgent:94 - Font "Symbol,normal,700" not found. Substituting with "Symbol,normal,400".
2023-07-05 11:07:55 WARN  FOUserAgent:94 - Font "ZapfDingbats,normal,700" not found. Substituting with "ZapfDingbats,normal,400".
2023-07-05 11:07:55 INFO  FOUserAgent:83 - Rendered page #1.
2023-07-05 11:14:15 WARN  FOUserAgent:97 - The following feature isn't implemented by Apache FOP, yet: table-layout="auto" (on fo:table) (No context info available)
2023-07-05 11:14:15 WARN  FOUserAgent:97 - The following feature isn't implemented by Apache FOP, yet: table-layout="auto" (on fo:table) (No context info available)
2023-07-05 11:14:15 WARN  FOUserAgent:97 - The following feature isn't implemented by Apache FOP, yet: table-layout="auto" (on fo:table) (No context info available)
2023-07-05 11:14:15 WARN  FOUserAgent:94 - Font "Symbol,normal,700" not found. Substituting with "Symbol,normal,400".
2023-07-05 11:14:15 WARN  FOUserAgent:94 - Font "ZapfDingbats,normal,700" not found. Substituting with "ZapfDingbats,normal,400".
2023-07-05 11:14:15 WARN  FOUserAgent:97 - The contents of fo:block line 1 exceed the available area in the inline-progression direction by 35721 millipoints. (No context info available)
2023-07-05 11:14:15 INFO  FOUserAgent:83 - Rendered page #1.
2023-07-05 11:27:08 WARN  FOUserAgent:97 - The following feature isn't implemented by Apache FOP, yet: table-layout="auto" (on fo:table) (No context info available)
2023-07-05 11:27:08 WARN  FOUserAgent:97 - The following feature isn't implemented by Apache FOP, yet: table-layout="auto" (on fo:table) (No context info available)
2023-07-05 11:27:08 WARN  FOUserAgent:97 - The following feature isn't implemented by Apache FOP, yet: table-layout="auto" (on fo:table) (No context info available)
2023-07-05 11:27:08 WARN  FOUserAgent:94 - Font "Symbol,normal,700" not found. Substituting with "Symbol,normal,400".
2023-07-05 11:27:08 WARN  FOUserAgent:94 - Font "ZapfDingbats,normal,700" not found. Substituting with "ZapfDingbats,normal,400".
2023-07-05 11:27:08 WARN  FOUserAgent:97 - The contents of fo:block line 1 exceed the available area in the inline-progression direction by 35721 millipoints. (No context info available)
2023-07-05 11:27:08 INFO  FOUserAgent:83 - Rendered page #1.
2023-07-05 11:30:31 WARN  FOUserAgent:97 - The following feature isn't implemented by Apache FOP, yet: table-layout="auto" (on fo:table) (No context info available)
2023-07-05 11:30:31 WARN  FOUserAgent:97 - The following feature isn't implemented by Apache FOP, yet: table-layout="auto" (on fo:table) (No context info available)
2023-07-05 11:30:31 WARN  FOUserAgent:97 - The following feature isn't implemented by Apache FOP, yet: table-layout="auto" (on fo:table) (No context info available)
2023-07-05 11:30:31 WARN  FOUserAgent:94 - Font "Symbol,normal,700" not found. Substituting with "Symbol,normal,400".
2023-07-05 11:30:31 WARN  FOUserAgent:94 - Font "ZapfDingbats,normal,700" not found. Substituting with "ZapfDingbats,normal,400".
2023-07-05 11:30:31 WARN  FOUserAgent:97 - The contents of fo:block line 1 exceed the available area in the inline-progression direction by 35721 millipoints. (No context info available)
2023-07-05 11:30:31 INFO  FOUserAgent:83 - Rendered page #1.
